Performing C SOURCE FILE Test CMAKE_HAVE_LIBC_PTHREAD failed with the following output:
Change Dir: /home/ylo2/catkin_ws/src/wolf_ylo2_interface/build/CMakeFiles/CMakeTmp

Run Build Command(s):/bin/make cmTC_a1d53/fast && /bin/make -f CMakeFiles/cmTC_a1d53.dir/build.make CMakeFiles/cmTC_a1d53.dir/build
make[1] : on entre dans le répertoire « /home/ylo2/catkin_ws/src/wolf_ylo2_interface/build/CMakeFiles/CMakeTmp »
Building C object CMakeFiles/cmTC_a1d53.dir/src.c.o
/usr/bin/x86_64-linux-gnu-gcc-9   -DCMAKE_HAVE_LIBC_PTHREAD   -o CMakeFiles/cmTC_a1d53.dir/src.c.o   -c /home/ylo2/catkin_ws/src/wolf_ylo2_interface/build/CMakeFiles/CMakeTmp/src.c
Linking C executable cmTC_a1d53
/usr/bin/cmake -E cmake_link_script CMakeFiles/cmTC_a1d53.dir/link.txt --verbose=1
/usr/bin/x86_64-linux-gnu-gcc-9  -DCMAKE_HAVE_LIBC_PTHREAD    -rdynamic CMakeFiles/cmTC_a1d53.dir/src.c.o  -o cmTC_a1d53 
/bin/ld : CMakeFiles/cmTC_a1d53.dir/src.c.o : dans la fonction « main » :
src.c:(.text+0x46) : référence indéfinie vers « pthread_create »
/bin/ld : src.c:(.text+0x52) : référence indéfinie vers « pthread_detach »
/bin/ld : src.c:(.text+0x63) : référence indéfinie vers « pthread_join »
collect2: error: ld returned 1 exit status
make[1]: *** [CMakeFiles/cmTC_a1d53.dir/build.make:87 : cmTC_a1d53] Erreur 1
make[1] : on quitte le répertoire « /home/ylo2/catkin_ws/src/wolf_ylo2_interface/build/CMakeFiles/CMakeTmp »
make: *** [Makefile:121 : cmTC_a1d53/fast] Erreur 2


Source file was:
#include <pthread.h>

void* test_func(void* data)
{
  return data;
}

int main(void)
{
  pthread_t thread;
  pthread_create(&thread, NULL, test_func, NULL);
  pthread_detach(thread);
  pthread_join(thread, NULL);
  pthread_atfork(NULL, NULL, NULL);
  pthread_exit(NULL);

  return 0;
}

Determining if the function pthread_create exists in the pthreads failed with the following output:
Change Dir: /home/ylo2/catkin_ws/src/wolf_ylo2_interface/build/CMakeFiles/CMakeTmp

Run Build Command(s):/bin/make cmTC_ef95a/fast && /bin/make -f CMakeFiles/cmTC_ef95a.dir/build.make CMakeFiles/cmTC_ef95a.dir/build
make[1] : on entre dans le répertoire « /home/ylo2/catkin_ws/src/wolf_ylo2_interface/build/CMakeFiles/CMakeTmp »
Building C object CMakeFiles/cmTC_ef95a.dir/CheckFunctionExists.c.o
/usr/bin/x86_64-linux-gnu-gcc-9   -DCHECK_FUNCTION_EXISTS=pthread_create   -o CMakeFiles/cmTC_ef95a.dir/CheckFunctionExists.c.o   -c /usr/share/cmake-3.16/Modules/CheckFunctionExists.c
Linking C executable cmTC_ef95a
/usr/bin/cmake -E cmake_link_script CMakeFiles/cmTC_ef95a.dir/link.txt --verbose=1
/usr/bin/x86_64-linux-gnu-gcc-9  -DCHECK_FUNCTION_EXISTS=pthread_create    -rdynamic CMakeFiles/cmTC_ef95a.dir/CheckFunctionExists.c.o  -o cmTC_ef95a  -lpthreads 
/bin/ld : ne peut trouver -lpthreads
collect2: error: ld returned 1 exit status
make[1]: *** [CMakeFiles/cmTC_ef95a.dir/build.make:87 : cmTC_ef95a] Erreur 1
make[1] : on quitte le répertoire « /home/ylo2/catkin_ws/src/wolf_ylo2_interface/build/CMakeFiles/CMakeTmp »
make: *** [Makefile:121 : cmTC_ef95a/fast] Erreur 2



